Arguments: 
  /usr/local/bin/node /usr/local/bin/yarn

PATH: 
  /Users/ctgreen/.npm/_npx/26105/bin:/usr/local/bin:/usr/bin:/bin:/usr/sbin:/sbin:/usr/local/share/dotnet:~/.dotnet/tools

Yarn version: 
  1.22.10

Node version: 
  14.16.1

Platform: 
  darwin x64

Trace: 
  Error: self signed certificate in certificate chain
      at TLSSocket.onConnectSecure (_tls_wrap.js:1497:34)
      at TLSSocket.emit (events.js:315:20)
      at TLSSocket._finishInit (_tls_wrap.js:932:8)
      at TLSWrap.ssl.onhandshakedone (_tls_wrap.js:706:12)

npm manifest: 
  {
    "name": "ctaceygreen-github-io",
    "version": "0.0.0",
    "private": true,
    "scripts": {
      "docusaurus": "docusaurus",
      "start": "docusaurus start",
      "build": "docusaurus build",
      "swizzle": "docusaurus swizzle",
      "deploy": "docusaurus deploy",
      "clear": "docusaurus clear",
      "serve": "docusaurus serve",
      "write-translations": "docusaurus write-translations",
      "write-heading-ids": "docusaurus write-heading-ids"
    },
    "dependencies": {
      "@docusaurus/core": "2.0.0-beta.4",
      "@docusaurus/preset-classic": "2.0.0-beta.4",
      "@mdx-js/react": "^1.6.21",
      "@svgr/webpack": "^5.5.0",
      "clsx": "^1.1.1",
      "file-loader": "^6.2.0",
      "prism-react-renderer": "^1.2.1",
      "react": "^17.0.1",
      "react-dom": "^17.0.1",
      "url-loader": "^4.1.1"
    },
    "browserslist": {
      "production": [
        ">0.5%",
        "not dead",
        "not op_mini all"
      ],
      "development": [
        "last 1 chrome version",
        "last 1 firefox version",
        "last 1 safari version"
      ]
    }
  }

yarn manifest: 
  No manifest

Lockfile: 
  No lockfile
